f:\workspace_c++\对齐测试用\debug\new3dsloader.pch
f:\workspace_c++\对齐测试用\debug\vc120.pdb
f:\workspace_c++\对齐测试用\debug\vc120.idb
f:\workspace_c++\对齐测试用\debug\stdafx.obj
f:\workspace_c++\对齐测试用\debug\math3d.obj
f:\workspace_c++\对齐测试用\debug\gltools.obj
f:\workspace_c++\对齐测试用\debug\selfcollision.obj
f:\workspace_c++\对齐测试用\debug\octree.obj
f:\workspace_c++\对齐测试用\debug\new3dsloader.obj
f:\workspace_c++\对齐测试用\debug\mass-springmodel.obj
f:\workspace_c++\对齐测试用\debug\load3ds.obj
f:\workspace_c++\对齐测试用\debug\human.obj
f:\workspace_c++\对齐测试用\debug\3dsmodel.obj
f:\workspace_c++\对齐测试用\debug\3dmath.obj
f:\workspace_c++\对齐测试用\debug\glee.obj
f:\workspace_c++\对齐测试用\debug\new3dsloader.ilk
f:\workspace_c++\对齐测试用\debug\new3dsloader.exe
f:\workspace_c++\对齐测试用\debug\new3dsloader.pdb
f:\workspace_c++\对齐测试用\debug\new3dsloader.res
f:\workspace_c++\对齐测试用\.\debug\new3dsloader.exe
f:\workspace_c++\对齐测试用\debug\new3dsloader.tlog\cl.command.1.tlog
f:\workspace_c++\对齐测试用\debug\new3dsloader.tlog\cl.read.1.tlog
f:\workspace_c++\对齐测试用\debug\new3dsloader.tlog\cl.write.1.tlog
f:\workspace_c++\对齐测试用\debug\new3dsloader.tlog\link.command.1.tlog
f:\workspace_c++\对齐测试用\debug\new3dsloader.tlog\link.read.1.tlog
f:\workspace_c++\对齐测试用\debug\new3dsloader.tlog\link.write.1.tlog
f:\workspace_c++\对齐测试用\debug\new3dsloader.tlog\rc.command.1.tlog
f:\workspace_c++\对齐测试用\debug\new3dsloader.tlog\rc.read.1.tlog
f:\workspace_c++\对齐测试用\debug\new3dsloader.tlog\rc.write.1.tlog
